<?xml version="1.0" encoding="UTF-8"?>
<testsuite name="com.bridgelabz.InvoiceServiceTest" tests="4" skipped="0" failures="0" errors="0" timestamp="2021-06-22T03:15:03" hostname="SHWETA29" time="0.02">
  <properties/>
  <testcase name="givenLessDistanceAndTime_ShouldReturnMinFare" classname="com.bridgelabz.InvoiceServiceTest" time="0.004"/>
  <testcase name="givenDistanceAndTime_ShouldReturnTotalFare" classname="com.bridgelabz.InvoiceServiceTest" time="0.001"/>
  <testcase name="givenMultipleRides_shouldReturnTotalFare" classname="com.bridgelabz.InvoiceServiceTest" time="0.005"/>
  <testcase name="givenMultipleRides_ShouldReturnInvoiceSummary" classname="com.bridgelabz.InvoiceServiceTest" time="0.004"/>
  <system-out><![CDATA[]]></system-out>
  <system-err><![CDATA[]]></system-err>
</testsuite>
