<?xml version="1.0" encoding="UTF-8"?>
<testsuite name="com.bridgelabz.InvoiceServiceTest" tests="1" skipped="0" failures="0" errors="0" timestamp="2021-06-18T09:44:13" hostname="SHWETA29" time="0.007">
  <properties/>
  <testcase name="givenMultipleRides_ShouldReturnTotalFare" classname="com.bridgelabz.InvoiceServiceTest" time="0.007"/>
  <system-out><![CDATA[]]></system-out>
  <system-err><![CDATA[]]></system-err>
</testsuite>
